2019-05-28 09:44:04 +0000  Initial pipeline context: <IDEDistributionProcessingPipelineContext: 0x7f80ca10ed50; archive(resolved)='<IDEArchive: 0x7f80ca040af0>', distributionTask(resolved)='2', distributionDestination(resolved)='1', distributionMethod(resolved)='<IDEDistributionMethodiOSAppStoreDistribution: 0x7f80c532a440>', team(resolved)='<IDEProvisioningDisambiguatableBasicTeam: 0x7f80c44a8250; teamID='7FLG9F2622', teamName='jie shen', teamType='Individual', username='13776054776@163.com', isFreeProvisioningTeam='0'>'>
	Chain (12, self inclusive):
	<IDEDistributionProcessingPipelineContext: 0x7f80ca10ed50; archive = '<IDEArchive: 0x7f80ca040af0>', distributionMethod='<IDEDistributionMethodiOSAppStoreDistribution: 0x7f80c532a440>', team='<IDEProvisioningDisambiguatableBasicTeam: 0x7f80c44a8250; teamID='7FLG9F2622', teamName='jie shen', teamType='Individual', username='13776054776@163.com', isFreeProvisioningTeam='0'>'>
	<IDEDistributionProcessingPipelineContext: 0x7f80ca64c500; archive = '<IDEArchive: 0x7f80ca040af0>', distributionMethod='<IDEDistributionMethodiOSAppStoreDistribution: 0x7f80c532a440>', team='<IDEProvisioningDisambiguatableBasicTeam: 0x7f80c44a8250; teamID='7FLG9F2622', teamName='jie shen', teamType='Individual', username='13776054776@163.com', isFreeProvisioningTeam='0'>'>
	<IDEDistributionContext: 0x7f80ca91ce10; archive = '<IDEArchive: 0x7f80ca040af0>', distributionMethod='<IDEDistributionMethodiOSAppStoreDistribution: 0x7f80c532a440>', team='<IDEProvisioningDisambiguatableBasicTeam: 0x7f80c44a8250; teamID='7FLG9F2622', teamName='jie shen', teamType='Individual', username='13776054776@163.com', isFreeProvisioningTeam='0'>'>
	<IDEDistributionContext: 0x7f80bf4c0650; archive = '<IDEArchive: 0x7f80ca040af0>', distributionMethod='<IDEDistributionMethodiOSAppStoreDistribution: 0x7f80c532a440>', team='<IDEProvisioningDisambiguatableBasicTeam: 0x7f80c44a8250; teamID='7FLG9F2622', teamName='jie shen', teamType='Individual', username='13776054776@163.com', isFreeProvisioningTeam='0'>'>
	<IDEDistributionContext: 0x7f80bf4b1a60; archive = '<IDEArchive: 0x7f80ca040af0>', distributionMethod='<IDEDistributionMethodiOSAppStoreDistribution: 0x7f80c532a440>', team='<IDEProvisioningDisambiguatableBasicTeam: 0x7f80c44a8250; teamID='7FLG9F2622', teamName='jie shen', teamType='Individual', username='13776054776@163.com', isFreeProvisioningTeam='0'>'>
	<IDEDistributionContext: 0x7f80cab7b510; archive = '<IDEArchive: 0x7f80ca040af0>', distributionMethod='<IDEDistributionMethodiOSAppStoreDistribution: 0x7f80c532a440>', team='<IDEProvisioningDisambiguatableBasicTeam: 0x7f80c44a8250; teamID='7FLG9F2622', teamName='jie shen', teamType='Individual', username='13776054776@163.com', isFreeProvisioningTeam='0'>'>
	<IDEDistributionContext: 0x7f80ca26ec40; archive = '<IDEArchive: 0x7f80ca040af0>', distributionMethod='<IDEDistributionMethodiOSAppStoreDistribution: 0x7f80c532a440>', team='<IDEProvisioningDisambiguatableBasicTeam: 0x7f80c44a8250; teamID='7FLG9F2622', teamName='jie shen', teamType='Individual', username='13776054776@163.com', isFreeProvisioningTeam='0'>'>
	<IDEDistributionContext: 0x7f80ca1debc0; archive = '<IDEArchive: 0x7f80ca040af0>', distributionMethod='<IDEDistributionMethodiOSAppStoreDistribution: 0x7f80c532a440>', team='<IDEProvisioningDisambiguatableBasicTeam: 0x7f80c44a8250; teamID='7FLG9F2622', teamName='jie shen', teamType='Individual', username='13776054776@163.com', isFreeProvisioningTeam='0'>'>
	<IDEDistributionContext: 0x7f80ca936730; archive = '<IDEArchive: 0x7f80ca040af0>', distributionMethod='<IDEDistributionMethodiOSAppStoreDistribution: 0x7f80c532a440>', team='<IDEProvisioningDisambiguatableBasicTeam: 0x7f80c44a8250; teamID='7FLG9F2622', teamName='jie shen', teamType='Individual', username='13776054776@163.com', isFreeProvisioningTeam='0'>'>
	<IDEDistributionContext: 0x7f80c95ae3f0; archive = '<IDEArchive: 0x7f80ca040af0>', distributionMethod='<IDEDistributionMethodiOSAppStoreDistribution: 0x7f80c532a440>', team='(null)'>
	<IDEDistributionContext: 0x7f80ca66a100; archive = '<IDEArchive: 0x7f80ca040af0>', distributionMethod='<IDEDistributionMethodiOSAppStoreDistribution: 0x7f80c532a440>', team='(null)'>
	<IDEDistributionContext: 0x7f80c90e8e30; archive = '<IDEArchive: 0x7f80ca040af0>', distributionMethod='(null)', team='(null)'>
</IDEDistributionProcessingPipelineContext: 0x7f80ca10ed50>
2019-05-28 09:44:04 +0000  Processing step: IDEDistributionCreateDestRootStep
2019-05-28 09:44:04 +0000  Processing step: IDEDistributionCopyItemStep
2019-05-28 09:44:04 +0000  Running /usr/bin/ditto '-V' '/Users/shenjie/Library/Developer/Xcode/Archives/2019-05-28/JJImagePickerDemo 2019-5-28 下午5.43.xcarchive/Products/Applications/JJImagePickerDemo.app' '/var/folders/49/y2tlkkt14lq0vf9r81b8m6yc0000gn/T/XcodeDistPipeline.cGS/Root/Payload/JJImagePickerDemo.app'
2019-05-28 09:44:04 +0000  >>> Copying /Users/shenjie/Library/Developer/Xcode/Archives/2019-05-28/JJImagePickerDemo 2019-5-28 下午5.43.xcarchive/Products/Applications/JJImagePickerDemo.app 
2019-05-28 09:44:04 +0000  copying file ./_CodeSignature/CodeResources ... 
2019-05-28 09:44:04 +0000  43948 bytes for ./_CodeSignature/CodeResources
2019-05-28 09:44:04 +0000  copying file ./AppIcon20x20@2x.png ... 
2019-05-28 09:44:04 +0000  1265 bytes for ./AppIcon20x20@2x.png
2019-05-28 09:44:04 +0000  copying file ./AppIcon20x20@2x~ipad.png ... 
2019-05-28 09:44:04 +0000  1265 bytes for ./AppIcon20x20@2x~ipad.png
2019-05-28 09:44:04 +0000  copying file ./AppIcon20x20@3x.png ... 
2019-05-28 09:44:04 +0000  1923 bytes for ./AppIcon20x20@3x.png
copying file ./AppIcon20x20~ipad.png ... 
2019-05-28 09:44:04 +0000  584 bytes for ./AppIcon20x20~ipad.png
copying file ./AppIcon29x29@2x.png ... 
2019-05-28 09:44:04 +0000  1798 bytes for ./AppIcon29x29@2x.png
2019-05-28 09:44:04 +0000  copying file ./AppIcon29x29@2x~ipad.png ... 
2019-05-28 09:44:04 +0000  1798 bytes for ./AppIcon29x29@2x~ipad.png
copying file ./AppIcon29x29@3x.png ... 
2019-05-28 09:44:04 +0000  3328 bytes for ./AppIcon29x29@3x.png
copying file ./AppIcon29x29~ipad.png ... 
2019-05-28 09:44:04 +0000  867 bytes for ./AppIcon29x29~ipad.png
2019-05-28 09:44:04 +0000  copying file ./AppIcon40x40@2x.png ... 
2019-05-28 09:44:04 +0000  3121 bytes for ./AppIcon40x40@2x.png
copying file ./AppIcon40x40@2x~ipad.png ... 
2019-05-28 09:44:04 +0000  3121 bytes for ./AppIcon40x40@2x~ipad.png
copying file ./AppIcon40x40@3x.png ... 
2019-05-28 09:44:04 +0000  4695 bytes for ./AppIcon40x40@3x.png
2019-05-28 09:44:04 +0000  copying file ./AppIcon40x40~ipad.png ... 
2019-05-28 09:44:04 +0000  1265 bytes for ./AppIcon40x40~ipad.png
copying file ./AppIcon60x60@2x.png ... 
2019-05-28 09:44:04 +0000  4695 bytes for ./AppIcon60x60@2x.png
2019-05-28 09:44:04 +0000  copying file ./AppIcon60x60@3x.png ... 
2019-05-28 09:44:04 +0000  7139 bytes for ./AppIcon60x60@3x.png
2019-05-28 09:44:04 +0000  copying file ./AppIcon76x76@2x~ipad.png ... 
2019-05-28 09:44:04 +0000  5994 bytes for ./AppIcon76x76@2x~ipad.png
copying file ./AppIcon76x76~ipad.png ... 
2019-05-28 09:44:04 +0000  2923 bytes for ./AppIcon76x76~ipad.png
2019-05-28 09:44:04 +0000  copying file ./AppIcon83.5x83.5@2x~ipad.png ... 
2019-05-28 09:44:04 +0000  6559 bytes for ./AppIcon83.5x83.5@2x~ipad.png
2019-05-28 09:44:04 +0000  copying file ./Assets.car ... 
2019-05-28 09:44:04 +0000  3778352 bytes for ./Assets.car
copying file ./ballon.jpg ... 
2019-05-28 09:44:04 +0000  225887 bytes for ./ballon.jpg
2019-05-28 09:44:04 +0000  copying file ./Base.lproj/LaunchScreen.storyboardc/01J-lp-oVM-view-Ze5-6b-2t3.nib ... 
2019-05-28 09:44:04 +0000  2283 bytes for ./Base.lproj/LaunchScreen.storyboardc/01J-lp-oVM-view-Ze5-6b-2t3.nib
copying file ./Base.lproj/LaunchScreen.storyboardc/Info.plist ... 
2019-05-28 09:44:04 +0000  258 bytes for ./Base.lproj/LaunchScreen.storyboardc/Info.plist
copying file ./Base.lproj/LaunchScreen.storyboardc/UIViewController-01J-lp-oVM.nib ... 
2019-05-28 09:44:04 +0000  832 bytes for ./Base.lproj/LaunchScreen.storyboardc/UIViewController-01J-lp-oVM.nib
2019-05-28 09:44:04 +0000  copying file ./Base.lproj/Main.storyboardc/BYZ-38-t0r-view-8bC-Xf-vdC.nib ... 
2019-05-28 09:44:04 +0000  3171 bytes for ./Base.lproj/Main.storyboardc/BYZ-38-t0r-view-8bC-Xf-vdC.nib
copying file ./Base.lproj/Main.storyboardc/Info.plist ... 
2019-05-28 09:44:04 +0000  258 bytes for ./Base.lproj/Main.storyboardc/Info.plist
copying file ./Base.lproj/Main.storyboardc/UIViewController-BYZ-38-t0r.nib ... 
2019-05-28 09:44:04 +0000  964 bytes for ./Base.lproj/Main.storyboardc/UIViewController-BYZ-38-t0r.nib
2019-05-28 09:44:04 +0000  copying file ./BindPhoneViewController.nib ... 
2019-05-28 09:44:04 +0000  3891 bytes for ./BindPhoneViewController.nib
copying file ./bwgirl.jpg ... 
2019-05-28 09:44:04 +0000  336130 bytes for ./bwgirl.jpg
copying file ./cameraButton.png ... 
2019-05-28 09:44:04 +0000  2893 bytes for ./cameraButton.png
copying file ./cameraButton@2x.png ... 
2019-05-28 09:44:04 +0000  6420 bytes for ./cameraButton@2x.png
2019-05-28 09:44:04 +0000  copying file ./cameraButton@3x.png ... 
2019-05-28 09:44:04 +0000  9930 bytes for ./cameraButton@3x.png
2019-05-28 09:44:04 +0000  copying file ./cameraButtonHighlighted.png ... 
2019-05-28 09:44:04 +0000  3111 bytes for ./cameraButtonHighlighted.png
2019-05-28 09:44:04 +0000  copying file ./cameraButtonHighlighted@2x.png ... 
2019-05-28 09:44:04 +0000  6567 bytes for ./cameraButtonHighlighted@2x.png
2019-05-28 09:44:04 +0000  copying file ./cameraButtonHighlighted@3x.png ... 
2019-05-28 09:44:04 +0000  10266 bytes for ./cameraButtonHighlighted@3x.png
copying file ./cameraPermissionsIcon.png ... 
2019-05-28 09:44:04 +0000  2391 bytes for ./cameraPermissionsIcon.png
copying file ./cameraPermissionsIcon@2x.png ... 
2019-05-28 09:44:04 +0000  5815 bytes for ./cameraPermissionsIcon@2x.png
2019-05-28 09:44:04 +0000  copying file ./cameraPermissionsIcon@3x.png ... 
2019-05-28 09:44:04 +0000  8813 bytes for ./cameraPermissionsIcon@3x.png
copying file ./candy1.png ... 
2019-05-28 09:44:04 +0000  12717 bytes for ./candy1.png
copying file ./candy2.png ... 
2019-05-28 09:44:04 +0000  16131 bytes for ./candy2.png
2019-05-28 09:44:04 +0000  copying file ./cat.png ... 
2019-05-28 09:44:04 +0000  16315 bytes for ./cat.png
copying file ./closeButton.png ... 
2019-05-28 09:44:04 +0000  703 bytes for ./closeButton.png
copying file ./closeButton@2x.png ... 
2019-05-28 09:44:04 +0000  1884 bytes for ./closeButton@2x.png
2019-05-28 09:44:04 +0000  copying file ./closeButton@3x.png ... 
2019-05-28 09:44:04 +0000  2837 bytes for ./closeButton@3x.png
2019-05-28 09:44:04 +0000  copying file ./confirmButton.png ... 
2019-05-28 09:44:04 +0000  909 bytes for ./confirmButton.png
2019-05-28 09:44:04 +0000  copying file ./confirmButton@2x.png ... 
2019-05-28 09:44:04 +0000  2307 bytes for ./confirmButton@2x.png
2019-05-28 09:44:04 +0000  copying file ./confirmButton@3x.png ... 
2019-05-28 09:44:04 +0000  3460 bytes for ./confirmButton@3x.png
copying file ./content.json ... 
2019-05-28 09:44:04 +0000  8823 bytes for ./content.json
2019-05-28 09:44:04 +0000  copying file ./embedded.mobileprovision ... 
2019-05-28 09:44:04 +0000  7494 bytes for ./embedded.mobileprovision
copying file ./flashAutoIcon.png ... 
2019-05-28 09:44:04 +0000  1052 bytes for ./flashAutoIcon.png
copying file ./flashAutoIcon@2x.png ... 
2019-05-28 09:44:04 +0000  2308 bytes for ./flashAutoIcon@2x.png
2019-05-28 09:44:04 +0000  copying file ./flashAutoIcon@3x.png ... 
2019-05-28 09:44:04 +0000  3471 bytes for ./flashAutoIcon@3x.png
2019-05-28 09:44:04 +0000  copying file ./flashOffIcon.png ... 
2019-05-28 09:44:04 +0000  1009 bytes for ./flashOffIcon.png
copying file ./flashOffIcon@2x.png ... 
2019-05-28 09:44:04 +0000  2437 bytes for ./flashOffIcon@2x.png
2019-05-28 09:44:04 +0000  copying file ./flashOffIcon@3x.png ... 
2019-05-28 09:44:04 +0000  3721 bytes for ./flashOffIcon@3x.png
copying file ./flashOnIcon.png ... 
2019-05-28 09:44:04 +0000  806 bytes for ./flashOnIcon.png
2019-05-28 09:44:04 +0000  copying file ./flashOnIcon@2x.png ... 
2019-05-28 09:44:04 +0000  1852 bytes for ./flashOnIcon@2x.png
copying file ./flashOnIcon@3x.png ... 
2019-05-28 09:44:04 +0000  2795 bytes for ./flashOnIcon@3x.png
2019-05-28 09:44:04 +0000  copying file ./gallery_title_arrow@2x.png ... 
2019-05-28 09:44:04 +0000  414 bytes for ./gallery_title_arrow@2x.png
copying file ./gallery_title_arrow@3x.png ... 
2019-05-28 09:44:04 +0000  541 bytes for ./gallery_title_arrow@3x.png
copying file ./gallery_title_arrow_up@2x.png ... 
2019-05-28 09:44:04 +0000  411 bytes for ./gallery_title_arrow_up@2x.png
copying file ./gallery_title_arrow_up@3x.png ... 
2019-05-28 09:44:04 +0000  526 bytes for ./gallery_title_arrow_up@3x.png
2019-05-28 09:44:04 +0000  copying file ./ghost.png ... 
2019-05-28 09:44:04 +0000  24494 bytes for ./ghost.png
copying file ./ghost2.png ... 
2019-05-28 09:44:04 +0000  18312 bytes for ./ghost2.png
copying file ./grave.png ... 
2019-05-28 09:44:04 +0000  20018 bytes for ./grave.png
2019-05-28 09:44:04 +0000  copying file ./guideImage_button_backgound.png ... 
2019-05-28 09:44:04 +0000  9079 bytes for ./guideImage_button_backgound.png
2019-05-28 09:44:04 +0000  copying file ./hand.png ... 
2019-05-28 09:44:04 +0000  17948 bytes for ./hand.png
copying file ./hat.png ... 
2019-05-28 09:44:04 +0000  14028 bytes for ./hat.png
2019-05-28 09:44:04 +0000  copying file ./Info.plist ... 
2019-05-28 09:44:04 +0000  1889 bytes for ./Info.plist
2019-05-28 09:44:04 +0000  copying file ./iPhone XS Max@2x.png ... 
2019-05-28 09:44:04 +0000  403504 bytes for ./iPhone XS Max@2x.png
copying file ./JJImagePickerDemo ... 
2019-05-28 09:44:04 +0000  24818576 bytes for ./JJImagePickerDemo
2019-05-28 09:44:04 +0000  copying file ./kindWarming.nib ... 
2019-05-28 09:44:04 +0000  6086 bytes for ./kindWarming.nib
2019-05-28 09:44:04 +0000  copying file ./libraryButton.png ... 
2019-05-28 09:44:04 +0000  1741 bytes for ./libraryButton.png
copying file ./libraryButton@2x.png ... 
2019-05-28 09:44:04 +0000  3991 bytes for ./libraryButton@2x.png
copying file ./libraryButton@3x.png ... 
5922 bytes for ./libraryButton@3x.png
copying file ./libraryCancel.png ... 
383 bytes for ./libraryCancel.png
copying file ./libraryCancel@2x.png ... 
697 bytes for ./libraryCancel@2x.png
copying file ./libraryCancel@3x.png ... 
837 bytes for ./libraryCancel@3x.png
2019-05-28 09:44:04 +0000  copying file ./libraryConfirm.png ... 
544 bytes for ./libraryConfirm.png
copying file ./libraryConfirm@2x.png ... 
1044 bytes for ./libraryConfirm@2x.png
copying file ./libraryConfirm@3x.png ... 
1475 bytes for ./libraryConfirm@3x.png
copying file ./LivePhoto_Corner@3x.png ... 
2405 bytes for ./LivePhoto_Corner@3x.png
copying file ./LoginPWDViewController.nib ... 
2019-05-28 09:44:04 +0000  4965 bytes for ./LoginPWDViewController.nib
2019-05-28 09:44:04 +0000  copying file ./lookup.png ... 
2019-05-28 09:44:04 +0000  2095 bytes for ./lookup.png
2019-05-28 09:44:04 +0000  copying file ./lookup_amatorka.png ... 
2019-05-28 09:44:04 +0000  36390 bytes for ./lookup_amatorka.png
2019-05-28 09:44:04 +0000  copying file ./lookup_miss_etikate.png ... 
2019-05-28 09:44:04 +0000  202596 bytes for ./lookup_miss_etikate.png
copying file ./lookup_soft_elegance_1.png ... 
2019-05-28 09:44:04 +0000  129208 bytes for ./lookup_soft_elegance_1.png
copying file ./lookup_soft_elegance_2.png ... 
2019-05-28 09:44:04 +0000  2199 bytes for ./lookup_soft_elegance_2.png
2019-05-28 09:44:04 +0000  copying file ./MJRefresh.bundle/arrow@2x.png ... 
2019-05-28 09:44:04 +0000  1033 bytes for ./MJRefresh.bundle/arrow@2x.png
2019-05-28 09:44:04 +0000  copying file ./MJRefresh.bundle/en.lproj/Localizable.strings ... 
2019-05-28 09:44:04 +0000  1372 bytes for ./MJRefresh.bundle/en.lproj/Localizable.strings
2019-05-28 09:44:04 +0000  copying file ./MJRefresh.bundle/zh-Hans.lproj/Localizable.strings ... 
2019-05-28 09:44:04 +0000  1194 bytes for ./MJRefresh.bundle/zh-Hans.lproj/Localizable.strings
2019-05-28 09:44:04 +0000  copying file ./MJRefresh.bundle/zh-Hant.lproj/Localizable.strings ... 
2019-05-28 09:44:04 +0000  773 bytes for ./MJRefresh.bundle/zh-Hant.lproj/Localizable.strings
2019-05-28 09:44:04 +0000  copying file ./myApp.png ... 
2019-05-28 09:44:04 +0000  22411 bytes for ./myApp.png
2019-05-28 09:44:04 +0000  copying file ./night.jpg ... 
2019-05-28 09:44:04 +0000  522621 bytes for ./night.jpg
2019-05-28 09:44:04 +0000  copying file ./oie_transparent-20.png ... 
5991 bytes for ./oie_transparent-20.png
copying file ./pengke.jpg ... 
2019-05-28 09:44:04 +0000  560234 bytes for ./pengke.jpg
copying file ./personal_1.jpg ... 
2019-05-28 09:44:04 +0000  96680 bytes for ./personal_1.jpg
copying file ./personal_2.jpg ... 
2019-05-28 09:44:04 +0000  57733 bytes for ./personal_2.jpg
2019-05-28 09:44:04 +0000  copying file ./personal_3.jpg ... 
2019-05-28 09:44:04 +0000  164034 bytes for ./personal_3.jpg
copying file ./personal_4.jpg ... 
2019-05-28 09:44:04 +0000  159812 bytes for ./personal_4.jpg
copying file ./personal_5.jpg ... 
2019-05-28 09:44:04 +0000  91302 bytes for ./personal_5.jpg
2019-05-28 09:44:04 +0000  copying file ./personal_6.jpg ... 
2019-05-28 09:44:04 +0000  116610 bytes for ./personal_6.jpg
2019-05-28 09:44:04 +0000  copying file ./personal_7.jpg ... 
2019-05-28 09:44:04 +0000  99264 bytes for ./personal_7.jpg
2019-05-28 09:44:04 +0000  copying file ./personal_8.jpg ... 
2019-05-28 09:44:04 +0000  84072 bytes for ./personal_8.jpg
2019-05-28 09:44:04 +0000  copying file ./PkgInfo ... 
2019-05-28 09:44:04 +0000  8 bytes for ./PkgInfo
2019-05-28 09:44:04 +0000  copying file ./placeholder.png ... 
2019-05-28 09:44:04 +0000  2269 bytes for ./placeholder.png
2019-05-28 09:44:04 +0000  copying file ./placeholder@2x.png ... 
2019-05-28 09:44:04 +0000  4249 bytes for ./placeholder@2x.png
2019-05-28 09:44:04 +0000  copying file ./placeholder@3x.png ... 
2019-05-28 09:44:04 +0000  6283 bytes for ./placeholder@3x.png
2019-05-28 09:44:04 +0000  copying file ./pot.png ... 
2019-05-28 09:44:04 +0000  14230 bytes for ./pot.png
copying file ./pumpkin.png ... 
2019-05-28 09:44:04 +0000  24718 bytes for ./pumpkin.png
2019-05-28 09:44:04 +0000  copying file ./README.txt ... 
2019-05-28 09:44:04 +0000  2928 bytes for ./README.txt
2019-05-28 09:44:04 +0000  copying file ./redarrowRighticon.png ... 
2019-05-28 09:44:04 +0000  737 bytes for ./redarrowRighticon.png
2019-05-28 09:44:04 +0000  copying file ./retakeButton.png ... 
2019-05-28 09:44:04 +0000  721 bytes for ./retakeButton.png
2019-05-28 09:44:04 +0000  copying file ./retakeButton@2x.png ... 
2019-05-28 09:44:04 +0000  2024 bytes for ./retakeButton@2x.png
2019-05-28 09:44:04 +0000  copying file ./retakeButton@3x.png ... 
2019-05-28 09:44:04 +0000  3097 bytes for ./retakeButton@3x.png
2019-05-28 09:44:04 +0000  copying file ./spider.png ... 
2019-05-28 09:44:04 +0000  15790 bytes for ./spider.png
2019-05-28 09:44:04 +0000  copying file ./stickerConfig.json ... 
2019-05-28 09:44:04 +0000  1549 bytes for ./stickerConfig.json
2019-05-28 09:44:04 +0000  copying file ./SVProgressHUD.bundle/angle-mask.png ... 
2019-05-28 09:44:04 +0000  1845 bytes for ./SVProgressHUD.bundle/angle-mask.png
2019-05-28 09:44:04 +0000  copying file ./SVProgressHUD.bundle/angle-mask@2x.png ... 
2019-05-28 09:44:04 +0000  4893 bytes for ./SVProgressHUD.bundle/angle-mask@2x.png
2019-05-28 09:44:04 +0000  copying file ./SVProgressHUD.bundle/angle-mask@3x.png ... 
2019-05-28 09:44:04 +0000  8319 bytes for ./SVProgressHUD.bundle/angle-mask@3x.png
2019-05-28 09:44:04 +0000  copying file ./SVProgressHUD.bundle/error.png ... 
2019-05-28 09:44:04 +0000  184 bytes for ./SVProgressHUD.bundle/error.png
2019-05-28 09:44:04 +0000  copying file ./SVProgressHUD.bundle/error@2x.png ... 
2019-05-28 09:44:04 +0000  306 bytes for ./SVProgressHUD.bundle/error@2x.png
2019-05-28 09:44:04 +0000  copying file ./SVProgressHUD.bundle/error@3x.png ... 
2019-05-28 09:44:04 +0000  398 bytes for ./SVProgressHUD.bundle/error@3x.png
2019-05-28 09:44:04 +0000  copying file ./SVProgressHUD.bundle/info.png ... 
2019-05-28 09:44:04 +0000  365 bytes for ./SVProgressHUD.bundle/info.png
2019-05-28 09:44:04 +0000  copying file ./SVProgressHUD.bundle/info@2x.png ... 
2019-05-28 09:44:04 +0000  816 bytes for ./SVProgressHUD.bundle/info@2x.png
2019-05-28 09:44:04 +0000  copying file ./SVProgressHUD.bundle/info@3x.png ... 
2019-05-28 09:44:04 +0000  1200 bytes for ./SVProgressHUD.bundle/info@3x.png
2019-05-28 09:44:04 +0000  copying file ./SVProgressHUD.bundle/success.png ... 
2019-05-28 09:44:04 +0000  262 bytes for ./SVProgressHUD.bundle/success.png
copying file ./SVProgressHUD.bundle/success@2x.png ... 
2019-05-28 09:44:04 +0000  462 bytes for ./SVProgressHUD.bundle/success@2x.png
copying file ./SVProgressHUD.bundle/success@3x.png ... 
2019-05-28 09:44:04 +0000  714 bytes for ./SVProgressHUD.bundle/success@3x.png
2019-05-28 09:44:04 +0000  copying file ./swapButton.png ... 
2019-05-28 09:44:04 +0000  1125 bytes for ./swapButton.png
2019-05-28 09:44:04 +0000  copying file ./swapButton@2x.png ... 
2019-05-28 09:44:04 +0000  2674 bytes for ./swapButton@2x.png
copying file ./swapButton@3x.png ... 
2019-05-28 09:44:04 +0000  3912 bytes for ./swapButton@3x.png
2019-05-28 09:44:04 +0000  copying file ./uls_tb_all_return_p@3x.png ... 
2019-05-28 09:44:04 +0000  1278 bytes for ./uls_tb_all_return_p@3x.png
2019-05-28 09:44:04 +0000  copying file ./uls_tb_intro_return_n@3x.png ... 
2019-05-28 09:44:04 +0000  1796 bytes for ./uls_tb_intro_return_n@3x.png
2019-05-28 09:44:04 +0000  copying file ./uls_tb_intro_return_p@3x.png ... 
2019-05-28 09:44:04 +0000  1456 bytes for ./uls_tb_intro_return_p@3x.png
2019-05-28 09:44:04 +0000  copying file ./wb_style_orange.png ... 
2019-05-28 09:44:04 +0000  2837 bytes for ./wb_style_orange.png
2019-05-28 09:44:04 +0000  copying file ./welcome_p1.png ... 
2019-05-28 09:44:04 +0000  973491 bytes for ./welcome_p1.png
2019-05-28 09:44:04 +0000  copying file ./welcome_p2.png ... 
446292 bytes for ./welcome_p2.png
copying file ./welcome_p3.png ... 
2019-05-28 09:44:04 +0000  445394 bytes for ./welcome_p3.png
copying file ./welcome_p4.png ... 
34556 bytes for ./welcome_p4.png
copying file ./yellow.jpg ... 
2019-05-28 09:44:04 +0000  331651 bytes for ./yellow.jpg
2019-05-28 09:44:04 +0000  copying file ./zombie.png ... 
2019-05-28 09:44:04 +0000  17941 bytes for ./zombie.png
2019-05-28 09:44:04 +0000  /usr/bin/ditto exited with 0
2019-05-28 09:44:04 +0000  Processing step: IDEDistributionEmbedProfileStep
2019-05-28 09:44:04 +0000  Processing step: IDEDistributionItemRemovalStep
2019-05-28 09:44:04 +0000  Processing step: IDEDistributionAppThinningPlistStep
2019-05-28 09:44:04 +0000  Skipping step: IDEDistributionAppThinningPlistStep because it said so
2019-05-28 09:44:04 +0000  Processing step: IDEDistributionCompileBitcodeStep
2019-05-28 09:44:04 +0000  Skipping step: IDEDistributionCompileBitcodeStep because it said so
2019-05-28 09:44:04 +0000  Processing step: IDEDistributionCodeSlimmingStep
2019-05-28 09:44:04 +0000  Processing step: IDEDistributionCopyBCSymbolMapsStep
2019-05-28 09:44:04 +0000  Skipping step: IDEDistributionCopyBCSymbolMapsStep because it said so
2019-05-28 09:44:04 +0000  Processing step: IDEDistributionSymbolsStep
2019-05-28 09:44:05 +0000  Skipping step: IDEDistributionSymbolsStep because it said so
2019-05-28 09:44:05 +0000  Processing step: IDEDistributionCopyAppleProvidedContentStep
2019-05-28 09:44:05 +0000  Processing step: IDEDistributionAppThinningStep
2019-05-28 09:44:05 +0000  Skipping step: IDEDistributionAppThinningStep because it said so
2019-05-28 09:44:05 +0000  Processing step: IDEDistributionArchThinningStep
2019-05-28 09:44:05 +0000  Running /Applications/Xcode.app/Contents/Developer/Toolchains/XcodeDefault.xctoolchain/usr/bin/lipo '/var/folders/49/y2tlkkt14lq0vf9r81b8m6yc0000gn/T/XcodeDistPipeline.cGS/Root/Payload/JJImagePickerDemo.app/JJImagePickerDemo' '-verify_arch' 'arm64e'
2019-05-28 09:44:05 +0000  /Applications/Xcode.app/Contents/Developer/Toolchains/XcodeDefault.xctoolchain/usr/bin/lipo exited with 1
2019-05-28 09:44:05 +0000  Skipping architecture thinning for item "JJImagePickerDemo" because arch "arm64e" wasn't found
2019-05-28 09:44:05 +0000  Processing step: IDEDistributionODRStep
2019-05-28 09:44:05 +0000  Processing step: IDEDistributionStripXattrsStep
2019-05-28 09:44:05 +0000  Running /usr/bin/xattr '-crs' '/var/folders/49/y2tlkkt14lq0vf9r81b8m6yc0000gn/T/XcodeDistPipeline.cGS/Root/Payload/JJImagePickerDemo.app'
2019-05-28 09:44:05 +0000  /usr/bin/xattr exited with 0
2019-05-28 09:44:05 +0000  Processing step: IDEDistributionCodesignStep
2019-05-28 09:44:05 +0000  Entitlements for <IDEDistributionItem: 0x7f80aca02a50 'com.jj.candy' '<DVTFilePath:0x7f80ca03b7a0:'/Users/shenjie/Library/Developer/Xcode/Archives/2019-05-28/JJImagePickerDemo 2019-5-28 下午5.43.xcarchive/Products/Applications/JJImagePickerDemo.app'>'>: {
    "application-identifier" = "7FLG9F2622.com.jj.candy";
    "beta-reports-active" = 1;
    "com.apple.developer.team-identifier" = 7FLG9F2622;
    "get-task-allow" = 0;
    "keychain-access-groups" =     (
        "7FLG9F2622.com.jj.candy"
    );
}
2019-05-28 09:44:05 +0000  Writing entitlements for <IDEDistributionItem: 0x7f80aca02a50 'com.jj.candy' '<DVTFilePath:0x7f80ca03b7a0:'/Users/shenjie/Library/Developer/Xcode/Archives/2019-05-28/JJImagePickerDemo 2019-5-28 下午5.43.xcarchive/Products/Applications/JJImagePickerDemo.app'>'> to: /var/folders/49/y2tlkkt14lq0vf9r81b8m6yc0000gn/T/XcodeDistPipeline.cGS/entitlementsCNPJvh
2019-05-28 09:44:05 +0000  Running /usr/bin/codesign '-vvv' '--force' '--sign' 'F7074A9AECA4E659A1C9C3159D3E9FF8D1726E2D' '--entitlements' '/var/folders/49/y2tlkkt14lq0vf9r81b8m6yc0000gn/T/XcodeDistPipeline.cGS/entitlementsCNPJvh' '--preserve-metadata=identifier,flags,runtime' '/var/folders/49/y2tlkkt14lq0vf9r81b8m6yc0000gn/T/XcodeDistPipeline.cGS/Root/Payload/JJImagePickerDemo.app'
2019-05-28 09:44:05 +0000  /var/folders/49/y2tlkkt14lq0vf9r81b8m6yc0000gn/T/XcodeDistPipeline.cGS/Root/Payload/JJImagePickerDemo.app: signed app bundle with Mach-O thin (arm64) [com.jj.candy]
2019-05-28 09:44:05 +0000  /usr/bin/codesign exited with 0
2019-05-28 09:44:05 +0000  Processing step: IDEDistributionZipODRItemStep
2019-05-28 09:44:05 +0000  Skipping step: IDEDistributionZipODRItemStep because it said so
2019-05-28 09:44:05 +0000  Processing step: IDEDistributionCreateIPAStep
2019-05-28 09:44:05 +0000  Running /usr/bin/ditto '-V' '-c' '-k' '--norsrc' '/var/folders/49/y2tlkkt14lq0vf9r81b8m6yc0000gn/T/XcodeDistPipeline.cGS/Root' '/var/folders/49/y2tlkkt14lq0vf9r81b8m6yc0000gn/T/XcodeDistPipeline.cGS/Packages/JJImagePickerDemo.ipa'
2019-05-28 09:44:05 +0000  >>> Copying /var/folders/49/y2tlkkt14lq0vf9r81b8m6yc0000gn/T/XcodeDistPipeline.cGS/Root 
2019-05-28 09:44:05 +0000  copying file ./Payload/JJImagePickerDemo.app/_CodeSignature/CodeResources ... 
2019-05-28 09:44:05 +0000  43948 bytes for ./Payload/JJImagePickerDemo.app/_CodeSignature/CodeResources
2019-05-28 09:44:05 +0000  copying file ./Payload/JJImagePickerDemo.app/AppIcon20x20@2x.png ... 
2019-05-28 09:44:05 +0000  1265 bytes for ./Payload/JJImagePickerDemo.app/AppIcon20x20@2x.png
copying file ./Payload/JJImagePickerDemo.app/AppIcon20x20@2x~ipad.png ... 
2019-05-28 09:44:05 +0000  1265 bytes for ./Payload/JJImagePickerDemo.app/AppIcon20x20@2x~ipad.png
copying file ./Payload/JJImagePickerDemo.app/AppIcon20x20@3x.png ... 
2019-05-28 09:44:05 +0000  1923 bytes for ./Payload/JJImagePickerDemo.app/AppIcon20x20@3x.png
copying file ./Payload/JJImagePickerDemo.app/AppIcon20x20~ipad.png ... 
2019-05-28 09:44:05 +0000  584 bytes for ./Payload/JJImagePickerDemo.app/AppIcon20x20~ipad.png
2019-05-28 09:44:05 +0000  copying file ./Payload/JJImagePickerDemo.app/AppIcon29x29@2x.png ... 
2019-05-28 09:44:05 +0000  1798 bytes for ./Payload/JJImagePickerDemo.app/AppIcon29x29@2x.png
copying file ./Payload/JJImagePickerDemo.app/AppIcon29x29@2x~ipad.png ... 
2019-05-28 09:44:05 +0000  1798 bytes for ./Payload/JJImagePickerDemo.app/AppIcon29x29@2x~ipad.png
copying file ./Payload/JJImagePickerDemo.app/AppIcon29x29@3x.png ... 
2019-05-28 09:44:05 +0000  3328 bytes for ./Payload/JJImagePickerDemo.app/AppIcon29x29@3x.png
copying file ./Payload/JJImagePickerDemo.app/AppIcon29x29~ipad.png ... 
2019-05-28 09:44:05 +0000  867 bytes for ./Payload/JJImagePickerDemo.app/AppIcon29x29~ipad.png
copying file ./Payload/JJImagePickerDemo.app/AppIcon40x40@2x.png ... 
2019-05-28 09:44:05 +0000  3121 bytes for ./Payload/JJImagePickerDemo.app/AppIcon40x40@2x.png
copying file ./Payload/JJImagePickerDemo.app/AppIcon40x40@2x~ipad.png ... 
2019-05-28 09:44:05 +0000  3121 bytes for ./Payload/JJImagePickerDemo.app/AppIcon40x40@2x~ipad.png
copying file ./Payload/JJImagePickerDemo.app/AppIcon40x40@3x.png ... 
2019-05-28 09:44:05 +0000  4695 bytes for ./Payload/JJImagePickerDemo.app/AppIcon40x40@3x.png
copying file ./Payload/JJImagePickerDemo.app/AppIcon40x40~ipad.png ... 
2019-05-28 09:44:05 +0000  1265 bytes for ./Payload/JJImagePickerDemo.app/AppIcon40x40~ipad.png
copying file ./Payload/JJImagePickerDemo.app/AppIcon60x60@2x.png ... 
2019-05-28 09:44:05 +0000  4695 bytes for ./Payload/JJImagePickerDemo.app/AppIcon60x60@2x.png
copying file ./Payload/JJImagePickerDemo.app/AppIcon60x60@3x.png ... 
2019-05-28 09:44:05 +0000  7139 bytes for ./Payload/JJImagePickerDemo.app/AppIcon60x60@3x.png
copying file ./Payload/JJImagePickerDemo.app/AppIcon76x76@2x~ipad.png ... 
2019-05-28 09:44:05 +0000  5994 bytes for ./Payload/JJImagePickerDemo.app/AppIcon76x76@2x~ipad.png
copying file ./Payload/JJImagePickerDemo.app/AppIcon76x76~ipad.png ... 
2019-05-28 09:44:05 +0000  2923 bytes for ./Payload/JJImagePickerDemo.app/AppIcon76x76~ipad.png
copying file ./Payload/JJImagePickerDemo.app/AppIcon83.5x83.5@2x~ipad.png ... 
2019-05-28 09:44:05 +0000  6559 bytes for ./Payload/JJImagePickerDemo.app/AppIcon83.5x83.5@2x~ipad.png
copying file ./Payload/JJImagePickerDemo.app/Assets.car ... 
2019-05-28 09:44:05 +0000  3778352 bytes for ./Payload/JJImagePickerDemo.app/Assets.car
copying file ./Payload/JJImagePickerDemo.app/ballon.jpg ... 
2019-05-28 09:44:05 +0000  225887 bytes for ./Payload/JJImagePickerDemo.app/ballon.jpg
2019-05-28 09:44:05 +0000  copying file ./Payload/JJImagePickerDemo.app/Base.lproj/LaunchScreen.storyboardc/01J-lp-oVM-view-Ze5-6b-2t3.nib ... 
2019-05-28 09:44:05 +0000  2283 bytes for ./Payload/JJImagePickerDemo.app/Base.lproj/LaunchScreen.storyboardc/01J-lp-oVM-view-Ze5-6b-2t3.nib
copying file ./Payload/JJImagePickerDemo.app/Base.lproj/LaunchScreen.storyboardc/Info.plist ... 
2019-05-28 09:44:05 +0000  258 bytes for ./Payload/JJImagePickerDemo.app/Base.lproj/LaunchScreen.storyboardc/Info.plist
copying file ./Payload/JJImagePickerDemo.app/Base.lproj/LaunchScreen.storyboardc/UIViewController-01J-lp-oVM.nib ... 
2019-05-28 09:44:05 +0000  832 bytes for ./Payload/JJImagePickerDemo.app/Base.lproj/LaunchScreen.storyboardc/UIViewController-01J-lp-oVM.nib
2019-05-28 09:44:05 +0000  copying file ./Payload/JJImagePickerDemo.app/Base.lproj/Main.storyboardc/BYZ-38-t0r-view-8bC-Xf-vdC.nib ... 
2019-05-28 09:44:05 +0000  3171 bytes for ./Payload/JJImagePickerDemo.app/Base.lproj/Main.storyboardc/BYZ-38-t0r-view-8bC-Xf-vdC.nib
copying file ./Payload/JJImagePickerDemo.app/Base.lproj/Main.storyboardc/Info.plist ... 
2019-05-28 09:44:05 +0000  258 bytes for ./Payload/JJImagePickerDemo.app/Base.lproj/Main.storyboardc/Info.plist
copying file ./Payload/JJImagePickerDemo.app/Base.lproj/Main.storyboardc/UIViewController-BYZ-38-t0r.nib ... 
2019-05-28 09:44:05 +0000  964 bytes for ./Payload/JJImagePickerDemo.app/Base.lproj/Main.storyboardc/UIViewController-BYZ-38-t0r.nib
2019-05-28 09:44:05 +0000  copying file ./Payload/JJImagePickerDemo.app/BindPhoneViewController.nib ... 
2019-05-28 09:44:05 +0000  3891 bytes for ./Payload/JJImagePickerDemo.app/BindPhoneViewController.nib
copying file ./Payload/JJImagePickerDemo.app/bwgirl.jpg ... 
2019-05-28 09:44:05 +0000  336130 bytes for ./Payload/JJImagePickerDemo.app/bwgirl.jpg
copying file ./Payload/JJImagePickerDemo.app/cameraButton.png ... 
2019-05-28 09:44:05 +0000  2893 bytes for ./Payload/JJImagePickerDemo.app/cameraButton.png
copying file ./Payload/JJImagePickerDemo.app/cameraButton@2x.png ... 
2019-05-28 09:44:05 +0000  6420 bytes for ./Payload/JJImagePickerDemo.app/cameraButton@2x.png
copying file ./Payload/JJImagePickerDemo.app/cameraButton@3x.png ... 
2019-05-28 09:44:05 +0000  9930 bytes for ./Payload/JJImagePickerDemo.app/cameraButton@3x.png
copying file ./Payload/JJImagePickerDemo.app/cameraButtonHighlighted.png ... 
2019-05-28 09:44:05 +0000  3111 bytes for ./Payload/JJImagePickerDemo.app/cameraButtonHighlighted.png
copying file ./Payload/JJImagePickerDemo.app/cameraButtonHighlighted@2x.png ... 
2019-05-28 09:44:05 +0000  6567 bytes for ./Payload/JJImagePickerDemo.app/cameraButtonHighlighted@2x.png
2019-05-28 09:44:05 +0000  copying file ./Payload/JJImagePickerDemo.app/cameraButtonHighlighted@3x.png ... 
2019-05-28 09:44:05 +0000  10266 bytes for ./Payload/JJImagePickerDemo.app/cameraButtonHighlighted@3x.png
copying file ./Payload/JJImagePickerDemo.app/cameraPermissionsIcon.png ... 
2019-05-28 09:44:05 +0000  2391 bytes for ./Payload/JJImagePickerDemo.app/cameraPermissionsIcon.png
copying file ./Payload/JJImagePickerDemo.app/cameraPermissionsIcon@2x.png ... 
2019-05-28 09:44:05 +0000  5815 bytes for ./Payload/JJImagePickerDemo.app/cameraPermissionsIcon@2x.png
2019-05-28 09:44:05 +0000  copying file ./Payload/JJImagePickerDemo.app/cameraPermissionsIcon@3x.png ... 
2019-05-28 09:44:05 +0000  8813 bytes for ./Payload/JJImagePickerDemo.app/cameraPermissionsIcon@3x.png
copying file ./Payload/JJImagePickerDemo.app/candy1.png ... 
12717 bytes for ./Payload/JJImagePickerDemo.app/candy1.png
copying file ./Payload/JJImagePickerDemo.app/candy2.png ... 
16131 bytes for ./Payload/JJImagePickerDemo.app/candy2.png
copying file ./Payload/JJImagePickerDemo.app/cat.png ... 
2019-05-28 09:44:05 +0000  16315 bytes for ./Payload/JJImagePickerDemo.app/cat.png
copying file ./Payload/JJImagePickerDemo.app/closeButton.png ... 
703 bytes for ./Payload/JJImagePickerDemo.app/closeButton.png
copying file ./Payload/JJImagePickerDemo.app/closeButton@2x.png ... 
1884 bytes for ./Payload/JJImagePickerDemo.app/closeButton@2x.png
copying file ./Payload/JJImagePickerDemo.app/closeButton@3x.png ... 
2837 bytes for ./Payload/JJImagePickerDemo.app/closeButton@3x.png
copying file ./Payload/JJImagePickerDemo.app/confirmButton.png ... 
909 bytes for ./Payload/JJImagePickerDemo.app/confirmButton.png
copying file ./Payload/JJImagePickerDemo.app/confirmButton@2x.png ... 
2307 bytes for ./Payload/JJImagePickerDemo.app/confirmButton@2x.png
copying file ./Payload/JJImagePickerDemo.app/confirmButton@3x.png ... 
3460 bytes for ./Payload/JJImagePickerDemo.app/confirmButton@3x.png
copying file ./Payload/JJImagePickerDemo.app/content.json ... 
8823 bytes for ./Payload/JJImagePickerDemo.app/content.json
copying file ./Payload/JJImagePickerDemo.app/embedded.mobileprovision ... 
7494 bytes for ./Payload/JJImagePickerDemo.app/embedded.mobileprovision
copying file ./Payload/JJImagePickerDemo.app/flashAutoIcon.png ... 
1052 bytes for ./Payload/JJImagePickerDemo.app/flashAutoIcon.png
copying file ./Payload/JJImagePickerDemo.app/flashAutoIcon@2x.png ... 
2308 bytes for ./Payload/JJImagePickerDemo.app/flashAutoIcon@2x.png
copying file ./Payload/JJImagePickerDemo.app/flashAutoIcon@3x.png ... 
3471 bytes for ./Payload/JJImagePickerDemo.app/flashAutoIcon@3x.png
copying file ./Payload/JJImagePickerDemo.app/flashOffIcon.png ... 
1009 bytes for ./Payload/JJImagePickerDemo.app/flashOffIcon.png
copying file ./Payload/JJImagePickerDemo.app/flashOffIcon@2x.png ... 
2437 bytes for ./Payload/JJImagePickerDemo.app/flashOffIcon@2x.png
copying file ./Payload/JJImagePickerDemo.app/flashOffIcon@3x.png ... 
3721 bytes for ./Payload/JJImagePickerDemo.app/flashOffIcon@3x.png
copying file ./Payload/JJImagePickerDemo.app/flashOnIcon.png ... 
806 bytes for ./Payload/JJImagePickerDemo.app/flashOnIcon.png
copying file ./Payload/JJImagePickerDemo.app/flashOnIcon@2x.png ... 
1852 bytes for ./Payload/JJImagePickerDemo.app/flashOnIcon@2x.png
copying file ./Payload/JJImagePickerDemo.app/flashOnIcon@3x.png ... 
2019-05-28 09:44:05 +0000  2795 bytes for ./Payload/JJImagePickerDemo.app/flashOnIcon@3x.png
copying file ./Payload/JJImagePickerDemo.app/gallery_title_arrow@2x.png ... 
414 bytes for ./Payload/JJImagePickerDemo.app/gallery_title_arrow@2x.png
copying file ./Payload/JJImagePickerDemo.app/gallery_title_arrow@3x.png ... 
2019-05-28 09:44:05 +0000  541 bytes for ./Payload/JJImagePickerDemo.app/gallery_title_arrow@3x.png
copying file ./Payload/JJImagePickerDemo.app/gallery_title_arrow_up@2x.png ... 
2019-05-28 09:44:05 +0000  411 bytes for ./Payload/JJImagePickerDemo.app/gallery_title_arrow_up@2x.png
copying file ./Payload/JJImagePickerDemo.app/gallery_title_arrow_up@3x.png ... 
2019-05-28 09:44:05 +0000  526 bytes for ./Payload/JJImagePickerDemo.app/gallery_title_arrow_up@3x.png
2019-05-28 09:44:05 +0000  copying file ./Payload/JJImagePickerDemo.app/ghost.png ... 
2019-05-28 09:44:05 +0000  24494 bytes for ./Payload/JJImagePickerDemo.app/ghost.png
2019-05-28 09:44:05 +0000  copying file ./Payload/JJImagePickerDemo.app/ghost2.png ... 
2019-05-28 09:44:05 +0000  18312 bytes for ./Payload/JJImagePickerDemo.app/ghost2.png
2019-05-28 09:44:05 +0000  copying file ./Payload/JJImagePickerDemo.app/grave.png ... 
2019-05-28 09:44:05 +0000  20018 bytes for ./Payload/JJImagePickerDemo.app/grave.png
copying file ./Payload/JJImagePickerDemo.app/guideImage_button_backgound.png ... 
9079 bytes for ./Payload/JJImagePickerDemo.app/guideImage_button_backgound.png
copying file ./Payload/JJImagePickerDemo.app/hand.png ... 
17948 bytes for ./Payload/JJImagePickerDemo.app/hand.png
copying file ./Payload/JJImagePickerDemo.app/hat.png ... 
2019-05-28 09:44:05 +0000  14028 bytes for ./Payload/JJImagePickerDemo.app/hat.png
copying file ./Payload/JJImagePickerDemo.app/Info.plist ... 
2019-05-28 09:44:05 +0000  1889 bytes for ./Payload/JJImagePickerDemo.app/Info.plist
copying file ./Payload/JJImagePickerDemo.app/iPhone XS Max@2x.png ... 
2019-05-28 09:44:05 +0000  403504 bytes for ./Payload/JJImagePickerDemo.app/iPhone XS Max@2x.png
2019-05-28 09:44:05 +0000  copying file ./Payload/JJImagePickerDemo.app/JJImagePickerDemo ... 
2019-05-28 09:44:05 +0000  3531040 bytes for ./Payload/JJImagePickerDemo.app/JJImagePickerDemo
copying file ./Payload/JJImagePickerDemo.app/kindWarming.nib ... 
2019-05-28 09:44:05 +0000  6086 bytes for ./Payload/JJImagePickerDemo.app/kindWarming.nib
copying file ./Payload/JJImagePickerDemo.app/libraryButton.png ... 
1741 bytes for ./Payload/JJImagePickerDemo.app/libraryButton.png
copying file ./Payload/JJImagePickerDemo.app/libraryButton@2x.png ... 
3991 bytes for ./Payload/JJImagePickerDemo.app/libraryButton@2x.png
copying file ./Payload/JJImagePickerDemo.app/libraryButton@3x.png ... 
5922 bytes for ./Payload/JJImagePickerDemo.app/libraryButton@3x.png
copying file ./Payload/JJImagePickerDemo.app/libraryCancel.png ... 
383 bytes for ./Payload/JJImagePickerDemo.app/libraryCancel.png
copying file ./Payload/JJImagePickerDemo.app/libraryCancel@2x.png ... 
697 bytes for ./Payload/JJImagePickerDemo.app/libraryCancel@2x.png
copying file ./Payload/JJImagePickerDemo.app/libraryCancel@3x.png ... 
2019-05-28 09:44:05 +0000  837 bytes for ./Payload/JJImagePickerDemo.app/libraryCancel@3x.png
copying file ./Payload/JJImagePickerDemo.app/libraryConfirm.png ... 
2019-05-28 09:44:05 +0000  544 bytes for ./Payload/JJImagePickerDemo.app/libraryConfirm.png
copying file ./Payload/JJImagePickerDemo.app/libraryConfirm@2x.png ... 
2019-05-28 09:44:05 +0000  1044 bytes for ./Payload/JJImagePickerDemo.app/libraryConfirm@2x.png
copying file ./Payload/JJImagePickerDemo.app/libraryConfirm@3x.png ... 
2019-05-28 09:44:05 +0000  1475 bytes for ./Payload/JJImagePickerDemo.app/libraryConfirm@3x.png
copying file ./Payload/JJImagePickerDemo.app/LivePhoto_Corner@3x.png ... 
2019-05-28 09:44:05 +0000  2405 bytes for ./Payload/JJImagePickerDemo.app/LivePhoto_Corner@3x.png
copying file ./Payload/JJImagePickerDemo.app/LoginPWDViewController.nib ... 
2019-05-28 09:44:05 +0000  4965 bytes for ./Payload/JJImagePickerDemo.app/LoginPWDViewController.nib
copying file ./Payload/JJImagePickerDemo.app/lookup.png ... 
2019-05-28 09:44:05 +0000  2095 bytes for ./Payload/JJImagePickerDemo.app/lookup.png
2019-05-28 09:44:05 +0000  copying file ./Payload/JJImagePickerDemo.app/lookup_amatorka.png ... 
2019-05-28 09:44:05 +0000  36390 bytes for ./Payload/JJImagePickerDemo.app/lookup_amatorka.png
copying file ./Payload/JJImagePickerDemo.app/lookup_miss_etikate.png ... 
2019-05-28 09:44:05 +0000  202596 bytes for ./Payload/JJImagePickerDemo.app/lookup_miss_etikate.png
2019-05-28 09:44:05 +0000  copying file ./Payload/JJImagePickerDemo.app/lookup_soft_elegance_1.png ... 
2019-05-28 09:44:05 +0000  129208 bytes for ./Payload/JJImagePickerDemo.app/lookup_soft_elegance_1.png
copying file ./Payload/JJImagePickerDemo.app/lookup_soft_elegance_2.png ... 
2019-05-28 09:44:05 +0000  2199 bytes for ./Payload/JJImagePickerDemo.app/lookup_soft_elegance_2.png
copying file ./Payload/JJImagePickerDemo.app/MJRefresh.bundle/arrow@2x.png ... 
2019-05-28 09:44:05 +0000  1033 bytes for ./Payload/JJImagePickerDemo.app/MJRefresh.bundle/arrow@2x.png
copying file ./Payload/JJImagePickerDemo.app/MJRefresh.bundle/en.lproj/Localizable.strings ... 
2019-05-28 09:44:05 +0000  1372 bytes for ./Payload/JJImagePickerDemo.app/MJRefresh.bundle/en.lproj/Localizable.strings
2019-05-28 09:44:05 +0000  copying file ./Payload/JJImagePickerDemo.app/MJRefresh.bundle/zh-Hans.lproj/Localizable.strings ... 
2019-05-28 09:44:05 +0000  1194 bytes for ./Payload/JJImagePickerDemo.app/MJRefresh.bundle/zh-Hans.lproj/Localizable.strings
copying file ./Payload/JJImagePickerDemo.app/MJRefresh.bundle/zh-Hant.lproj/Localizable.strings ... 
2019-05-28 09:44:05 +0000  773 bytes for ./Payload/JJImagePickerDemo.app/MJRefresh.bundle/zh-Hant.lproj/Localizable.strings
2019-05-28 09:44:05 +0000  copying file ./Payload/JJImagePickerDemo.app/myApp.png ... 
2019-05-28 09:44:05 +0000  22411 bytes for ./Payload/JJImagePickerDemo.app/myApp.png
2019-05-28 09:44:05 +0000  copying file ./Payload/JJImagePickerDemo.app/night.jpg ... 
2019-05-28 09:44:05 +0000  522621 bytes for ./Payload/JJImagePickerDemo.app/night.jpg
copying file ./Payload/JJImagePickerDemo.app/oie_transparent-20.png ... 
2019-05-28 09:44:05 +0000  5991 bytes for ./Payload/JJImagePickerDemo.app/oie_transparent-20.png
copying file ./Payload/JJImagePickerDemo.app/pengke.jpg ... 
2019-05-28 09:44:05 +0000  560234 bytes for ./Payload/JJImagePickerDemo.app/pengke.jpg
copying file ./Payload/JJImagePickerDemo.app/personal_1.jpg ... 
2019-05-28 09:44:05 +0000  96680 bytes for ./Payload/JJImagePickerDemo.app/personal_1.jpg
copying file ./Payload/JJImagePickerDemo.app/personal_2.jpg ... 
2019-05-28 09:44:05 +0000  57733 bytes for ./Payload/JJImagePickerDemo.app/personal_2.jpg
copying file ./Payload/JJImagePickerDemo.app/personal_3.jpg ... 
2019-05-28 09:44:05 +0000  164034 bytes for ./Payload/JJImagePickerDemo.app/personal_3.jpg
2019-05-28 09:44:05 +0000  copying file ./Payload/JJImagePickerDemo.app/personal_4.jpg ... 
2019-05-28 09:44:05 +0000  159812 bytes for ./Payload/JJImagePickerDemo.app/personal_4.jpg
copying file ./Payload/JJImagePickerDemo.app/personal_5.jpg ... 
2019-05-28 09:44:05 +0000  91302 bytes for ./Payload/JJImagePickerDemo.app/personal_5.jpg
copying file ./Payload/JJImagePickerDemo.app/personal_6.jpg ... 
2019-05-28 09:44:05 +0000  116610 bytes for ./Payload/JJImagePickerDemo.app/personal_6.jpg
copying file ./Payload/JJImagePickerDemo.app/personal_7.jpg ... 
2019-05-28 09:44:05 +0000  99264 bytes for ./Payload/JJImagePickerDemo.app/personal_7.jpg
copying file ./Payload/JJImagePickerDemo.app/personal_8.jpg ... 
2019-05-28 09:44:05 +0000  84072 bytes for ./Payload/JJImagePickerDemo.app/personal_8.jpg
copying file ./Payload/JJImagePickerDemo.app/PkgInfo ... 
2019-05-28 09:44:05 +0000  8 bytes for ./Payload/JJImagePickerDemo.app/PkgInfo
copying file ./Payload/JJImagePickerDemo.app/placeholder.png ... 
2019-05-28 09:44:05 +0000  2269 bytes for ./Payload/JJImagePickerDemo.app/placeholder.png
copying file ./Payload/JJImagePickerDemo.app/placeholder@2x.png ... 
2019-05-28 09:44:05 +0000  4249 bytes for ./Payload/JJImagePickerDemo.app/placeholder@2x.png
2019-05-28 09:44:05 +0000  copying file ./Payload/JJImagePickerDemo.app/placeholder@3x.png ... 
2019-05-28 09:44:05 +0000  6283 bytes for ./Payload/JJImagePickerDemo.app/placeholder@3x.png
2019-05-28 09:44:05 +0000  copying file ./Payload/JJImagePickerDemo.app/pot.png ... 
2019-05-28 09:44:05 +0000  14230 bytes for ./Payload/JJImagePickerDemo.app/pot.png
copying file ./Payload/JJImagePickerDemo.app/pumpkin.png ... 
2019-05-28 09:44:05 +0000  24718 bytes for ./Payload/JJImagePickerDemo.app/pumpkin.png
copying file ./Payload/JJImagePickerDemo.app/README.txt ... 
2019-05-28 09:44:05 +0000  2928 bytes for ./Payload/JJImagePickerDemo.app/README.txt
copying file ./Payload/JJImagePickerDemo.app/redarrowRighticon.png ... 
2019-05-28 09:44:05 +0000  737 bytes for ./Payload/JJImagePickerDemo.app/redarrowRighticon.png
copying file ./Payload/JJImagePickerDemo.app/retakeButton.png ... 
2019-05-28 09:44:05 +0000  721 bytes for ./Payload/JJImagePickerDemo.app/retakeButton.png
copying file ./Payload/JJImagePickerDemo.app/retakeButton@2x.png ... 
2019-05-28 09:44:05 +0000  2024 bytes for ./Payload/JJImagePickerDemo.app/retakeButton@2x.png
copying file ./Payload/JJImagePickerDemo.app/retakeButton@3x.png ... 
2019-05-28 09:44:05 +0000  3097 bytes for ./Payload/JJImagePickerDemo.app/retakeButton@3x.png
copying file ./Payload/JJImagePickerDemo.app/spider.png ... 
2019-05-28 09:44:06 +0000  15790 bytes for ./Payload/JJImagePickerDemo.app/spider.png
copying file ./Payload/JJImagePickerDemo.app/stickerConfig.json ... 
2019-05-28 09:44:06 +0000  1549 bytes for ./Payload/JJImagePickerDemo.app/stickerConfig.json
copying file ./Payload/JJImagePickerDemo.app/SVProgressHUD.bundle/angle-mask.png ... 
2019-05-28 09:44:06 +0000  1845 bytes for ./Payload/JJImagePickerDemo.app/SVProgressHUD.bundle/angle-mask.png
copying file ./Payload/JJImagePickerDemo.app/SVProgressHUD.bundle/angle-mask@2x.png ... 
2019-05-28 09:44:06 +0000  4893 bytes for ./Payload/JJImagePickerDemo.app/SVProgressHUD.bundle/angle-mask@2x.png
copying file ./Payload/JJImagePickerDemo.app/SVProgressHUD.bundle/angle-mask@3x.png ... 
2019-05-28 09:44:06 +0000  8319 bytes for ./Payload/JJImagePickerDemo.app/SVProgressHUD.bundle/angle-mask@3x.png
copying file ./Payload/JJImagePickerDemo.app/SVProgressHUD.bundle/error.png ... 
2019-05-28 09:44:06 +0000  184 bytes for ./Payload/JJImagePickerDemo.app/SVProgressHUD.bundle/error.png
copying file ./Payload/JJImagePickerDemo.app/SVProgressHUD.bundle/error@2x.png ... 
2019-05-28 09:44:06 +0000  306 bytes for ./Payload/JJImagePickerDemo.app/SVProgressHUD.bundle/error@2x.png
copying file ./Payload/JJImagePickerDemo.app/SVProgressHUD.bundle/error@3x.png ... 
2019-05-28 09:44:06 +0000  398 bytes for ./Payload/JJImagePickerDemo.app/SVProgressHUD.bundle/error@3x.png
copying file ./Payload/JJImagePickerDemo.app/SVProgressHUD.bundle/info.png ... 
2019-05-28 09:44:06 +0000  365 bytes for ./Payload/JJImagePickerDemo.app/SVProgressHUD.bundle/info.png
copying file ./Payload/JJImagePickerDemo.app/SVProgressHUD.bundle/info@2x.png ... 
2019-05-28 09:44:06 +0000  816 bytes for ./Payload/JJImagePickerDemo.app/SVProgressHUD.bundle/info@2x.png
copying file ./Payload/JJImagePickerDemo.app/SVProgressHUD.bundle/info@3x.png ... 
2019-05-28 09:44:06 +0000  1200 bytes for ./Payload/JJImagePickerDemo.app/SVProgressHUD.bundle/info@3x.png
2019-05-28 09:44:06 +0000  copying file ./Payload/JJImagePickerDemo.app/SVProgressHUD.bundle/success.png ... 
262 bytes for ./Payload/JJImagePickerDemo.app/SVProgressHUD.bundle/success.png
2019-05-28 09:44:06 +0000  copying file ./Payload/JJImagePickerDemo.app/SVProgressHUD.bundle/success@2x.png ... 
462 bytes for ./Payload/JJImagePickerDemo.app/SVProgressHUD.bundle/success@2x.png
copying file ./Payload/JJImagePickerDemo.app/SVProgressHUD.bundle/success@3x.png ... 
2019-05-28 09:44:06 +0000  714 bytes for ./Payload/JJImagePickerDemo.app/SVProgressHUD.bundle/success@3x.png
copying file ./Payload/JJImagePickerDemo.app/swapButton.png ... 
2019-05-28 09:44:06 +0000  1125 bytes for ./Payload/JJImagePickerDemo.app/swapButton.png
copying file ./Payload/JJImagePickerDemo.app/swapButton@2x.png ... 
2019-05-28 09:44:06 +0000  2674 bytes for ./Payload/JJImagePickerDemo.app/swapButton@2x.png
copying file ./Payload/JJImagePickerDemo.app/swapButton@3x.png ... 
2019-05-28 09:44:06 +0000  3912 bytes for ./Payload/JJImagePickerDemo.app/swapButton@3x.png
copying file ./Payload/JJImagePickerDemo.app/uls_tb_all_return_p@3x.png ... 
2019-05-28 09:44:06 +0000  1278 bytes for ./Payload/JJImagePickerDemo.app/uls_tb_all_return_p@3x.png
copying file ./Payload/JJImagePickerDemo.app/uls_tb_intro_return_n@3x.png ... 
2019-05-28 09:44:06 +0000  1796 bytes for ./Payload/JJImagePickerDemo.app/uls_tb_intro_return_n@3x.png
copying file ./Payload/JJImagePickerDemo.app/uls_tb_intro_return_p@3x.png ... 
2019-05-28 09:44:06 +0000  1456 bytes for ./Payload/JJImagePickerDemo.app/uls_tb_intro_return_p@3x.png
copying file ./Payload/JJImagePickerDemo.app/wb_style_orange.png ... 
2019-05-28 09:44:06 +0000  2837 bytes for ./Payload/JJImagePickerDemo.app/wb_style_orange.png
copying file ./Payload/JJImagePickerDemo.app/welcome_p1.png ... 
2019-05-28 09:44:06 +0000  973491 bytes for ./Payload/JJImagePickerDemo.app/welcome_p1.png
copying file ./Payload/JJImagePickerDemo.app/welcome_p2.png ... 
2019-05-28 09:44:06 +0000  446292 bytes for ./Payload/JJImagePickerDemo.app/welcome_p2.png
copying file ./Payload/JJImagePickerDemo.app/welcome_p3.png ... 
2019-05-28 09:44:06 +0000  445394 bytes for ./Payload/JJImagePickerDemo.app/welcome_p3.png
copying file ./Payload/JJImagePickerDemo.app/welcome_p4.png ... 
2019-05-28 09:44:06 +0000  34556 bytes for ./Payload/JJImagePickerDemo.app/welcome_p4.png
2019-05-28 09:44:06 +0000  copying file ./Payload/JJImagePickerDemo.app/yellow.jpg ... 
2019-05-28 09:44:06 +0000  331651 bytes for ./Payload/JJImagePickerDemo.app/yellow.jpg
copying file ./Payload/JJImagePickerDemo.app/zombie.png ... 
2019-05-28 09:44:06 +0000  17941 bytes for ./Payload/JJImagePickerDemo.app/zombie.png
2019-05-28 09:44:06 +0000  /usr/bin/ditto exited with 0
2019-05-28 09:44:06 +0000  Processing step: IDEDistributionAppStoreInformationStep
2019-05-28 09:44:06 +0000  Skipping step: IDEDistributionAppStoreInformationStep because it said so
2019-05-28 09:44:06 +0000  Processing step: IDEDistributionCreateManifestStep
2019-05-28 09:44:06 +0000  Skipping step: IDEDistributionCreateManifestStep because it said so
